Build started 2017-02-22 오후 11:17:37.
     1>Project "D:\BLAST\TestProject\BLAST_LOGIC1\BLAST_LOGIC1\BLAST_LOGIC1.vcxproj" on node 2 (Build target(s)).
     1>ClCompile:
         D:\VS2015\VC\bin\CL.exe /c /ZI /nologo /W3 /WX- /sdl /Od /Oy- /D WIN32 /D _DEBUG /D _CONSOLE /D _UNICODE /D UNICODE /Gm /EHsc /RTC1 /MDd /GS /fp:precise /Zc:wchar_t /Zc:forScope /Zc:inline /Yu"stdafx.h" /Fp"Debug\BLAST_LOGIC1.pch" /Fo"Debug\\" /Fd"Debug\vc140.pdb" /Gd /TP /analyze- /errorReport:prompt BLAST_LOGIC1.cpp TdEye.cpp
         TdEye.cpp
     1>d:\blast\testproject\blast_logic1\blast_logic1\tdeye.h(25): warning C4244: 'argument': conversion from 'float' to 'int', possible loss of data
     1>d:\blast\testproject\blast_logic1\blast_logic1\tdeye.h(69): warning C4244: '=': conversion from 'double' to 'int', possible loss of data
     1>d:\blast\testproject\blast_logic1\blast_logic1\tdeye.cpp(59): warning C4244: 'initializing': conversion from 'int' to 'float', possible loss of data
     1>d:\blast\testproject\blast_logic1\blast_logic1\tdeye.cpp(60): warning C4244: 'initializing': conversion from 'int' to 'float', possible loss of data
     1>d:\blast\testproject\blast_logic1\blast_logic1\tdeye.cpp(62): warning C4244: 'initializing': conversion from 'int' to 'float', possible loss of data
     1>d:\blast\testproject\blast_logic1\blast_logic1\tdeye.cpp(63): warning C4244: 'initializing': conversion from 'int' to 'float', possible loss of data
     1>d:\blast\testproject\blast_logic1\blast_logic1\tdeye.cpp(74): warning C4244: '=': conversion from 'float' to 'int', possible loss of data
     1>d:\blast\testproject\blast_logic1\blast_logic1\tdeye.cpp(75): warning C4244: '=': conversion from 'float' to 'int', possible loss of data
     1>d:\blast\testproject\blast_logic1\blast_logic1\tdeye.cpp(76): warning C4244: '=': conversion from 'float' to 'int', possible loss of data
     1>d:\blast\testproject\blast_logic1\blast_logic1\tdeye.cpp(77): warning C4244: '=': conversion from 'float' to 'int', possible loss of data
     1>d:\blast\testproject\blast_logic1\blast_logic1\tdeye.cpp(130): warning C4244: 'initializing': conversion from 'int' to 'float', possible loss of data
     1>d:\blast\testproject\blast_logic1\blast_logic1\tdeye.cpp(133): warning C4244: 'initializing': conversion from 'int' to 'float', possible loss of data
     1>d:\blast\testproject\blast_logic1\blast_logic1\tdeye.cpp(134): warning C4244: 'initializing': conversion from 'int' to 'float', possible loss of data
     1>d:\blast\testproject\blast_logic1\blast_logic1\tdeye.cpp(143): warning C4244: '=': conversion from 'float' to 'int', possible loss of data
     1>d:\blast\testproject\blast_logic1\blast_logic1\tdeye.cpp(144): warning C4244: '=': conversion from 'float' to 'int', possible loss of data
         BLAST_LOGIC1.cpp
     1>d:\blast\testproject\blast_logic1\blast_logic1\tdeye.h(25): warning C4244: 'argument': conversion from 'float' to 'int', possible loss of data
     1>d:\blast\testproject\blast_logic1\blast_logic1\tdeye.h(69): warning C4244: '=': conversion from 'double' to 'int', possible loss of data
         Generating Code...
       Link:
         D:\VS2015\VC\bin\link.exe /ERRORREPORT:PROMPT /OUT:"D:\BLAST\TestProject\BLAST_LOGIC1\Debug\BLAST_LOGIC1.exe" /INCREMENTAL /NOLOGO kernel32.lib user32.lib gdi32.lib winspool.lib comdlg32.lib advapi32.lib shell32.lib ole32.lib oleaut32.lib uuid.lib odbc32.lib odbccp32.lib /MANIFEST /MANIFESTUAC:"level='asInvoker' uiAccess='false'" /manifest:embed /Debug /PDB:"D:\BLAST\TestProject\BLAST_LOGIC1\Debug\BLAST_LOGIC1.pdb" /SUBSYSTEM:CONSOLE /TLBID:1 /DYNAMICBASE /NXCOMPAT /IMPLIB:"D:\BLAST\TestProject\BLAST_LOGIC1\Debug\BLAST_LOGIC1.lib" /MACHINE:X86 Debug\BLAST_LOGIC1.obj
         Debug\stdafx.obj
         Debug\TdEye.obj
         BLAST_LOGIC1.vcxproj -> D:\BLAST\TestProject\BLAST_LOGIC1\Debug\BLAST_LOGIC1.exe
     1>Done Building Project "D:\BLAST\TestProject\BLAST_LOGIC1\BLAST_LOGIC1\BLAST_LOGIC1.vcxproj" (Build target(s)).

Build succeeded.

Time Elapsed 00:00:01.51
